[Info]2018/10/30 16:02:20 createmeeting.go:52: Cmd createmeeting called
[Error]2018/10/30 16:02:20 createmeeting.go:96: Sponsor not free
[Error]2018/10/30 16:02:20 createmeeting.go:98: Cmd createmeeting failed
[Info]2018/10/30 16:02:35 createmeeting.go:52: Cmd createmeeting called
[Info]2018/10/30 16:02:35 createmeeting.go:114: Cmd createmeeting finished
[Info]2018/10/30 16:03:05 changeparticipator.go:52: Cmd changeparticipator called
[Info]2018/10/30 16:03:05 changeparticipator.go:141: Cmd changeparticipator finished
[Info]2018/10/30 16:03:08 changeparticipator.go:52: Cmd changeparticipator called
[Info]2018/10/30 16:03:08 changeparticipator.go:141: Cmd changeparticipator finished
[Info]2018/10/30 16:03:12 changeparticipator.go:52: Cmd changeparticipator called
[Info]2018/10/30 16:03:12 changeparticipator.go:141: Cmd changeparticipator finished
[Info]2018/10/30 16:03:28 changeparticipator.go:52: Cmd changeparticipator called
[Warning]2018/10/30 16:03:28 changeparticipator.go:99: Some users don't exist in this meeting
[Info]2018/10/30 16:03:28 changeparticipator.go:141: Cmd changeparticipator finished
[Info]2018/10/30 16:03:43 changeparticipator.go:52: Cmd changeparticipator called
[Warning]2018/10/30 16:03:43 changeparticipator.go:99: Some users don't exist in this meeting
[Info]2018/10/30 16:03:43 changeparticipator.go:141: Cmd changeparticipator finished
[Info]2018/10/30 16:20:59 clearmeeting.go:45: Cmd clearmeeting called
[Info]2018/10/30 16:20:59 clearmeeting.go:76: Cmd clearmeeting finished
[Info]2018/10/31 13:07:10 exitmeeting.go:122: exitmeeting called
[Info]2018/10/31 13:09:15 createmeeting.go:52: Cmd createmeeting called
[Error]2018/10/31 13:09:15 createmeeting.go:129: No valid participators
[Error]2018/10/31 13:09:15 createmeeting.go:133: Cmd createmeeting failed
[Info]2018/10/31 13:09:24 createmeeting.go:52: Cmd createmeeting called
[Error]2018/10/31 13:09:24 createmeeting.go:129: No valid participators
[Error]2018/10/31 13:09:24 createmeeting.go:133: Cmd createmeeting failed
[Info]2018/10/31 13:09:30 createmeeting.go:52: Cmd createmeeting called
[Error]2018/10/31 13:09:30 createmeeting.go:129: No valid participators
[Error]2018/10/31 13:09:30 createmeeting.go:133: Cmd createmeeting failed
[Info]2018/10/31 13:10:33 createmeeting.go:52: Cmd createmeeting called
[Error]2018/10/31 13:10:33 createmeeting.go:129: No valid participators
[Error]2018/10/31 13:10:33 createmeeting.go:133: Cmd createmeeting failed
[Info]2018/10/31 13:10:57 createmeeting.go:52: Cmd createmeeting called
[Error]2018/10/31 13:10:57 createmeeting.go:129: No valid participators
[Error]2018/10/31 13:10:57 createmeeting.go:133: Cmd createmeeting failed
[Info]2018/10/31 13:11:47 exitmeeting.go:122: exitmeeting called
[Error]2018/10/31 13:11:47 exitmeeting.go:129: exitmeeting a  meeting not exist
[Info]2018/10/31 13:12:35 createmeeting.go:52: Cmd createmeeting called
[Error]2018/10/31 13:12:35 createmeeting.go:129: No valid participators
[Error]2018/10/31 13:12:35 createmeeting.go:133: Cmd createmeeting failed
[Info]2018/10/31 13:13:06 createmeeting.go:52: Cmd createmeeting called
[Info]2018/10/31 13:13:06 createmeeting.go:114: Cmd createmeeting finished
[Info]2018/10/31 13:21:34 querymeeting.go:77: querymeeting called
[Info]2018/10/31 13:22:03 querymeeting.go:77: querymeeting called
[Error]2018/10/31 13:22:03 querymeeting.go:125: start date input format error with input sample 2018
[Info]2018/10/31 13:28:29 cancelmeeting.go:64: cancelmeeting called
[Error]2018/10/31 13:28:29 cancelmeeting.go:76: lack of title parameter when cancel mmeting
[Info]2018/10/31 13:28:49 cancelmeeting.go:64: cancelmeeting called
[Warning]2018/10/31 13:28:49 cancelmeeting.go:107: user  &{hh1 12345678 1485578188@qq.com 15920823518}  delete a meeting that is not existed, the input title is  heihie
[Info]2018/10/31 13:29:35 cancelmeeting.go:64: cancelmeeting called
[Warning]2018/10/31 13:29:35 cancelmeeting.go:107: user  hh1  delete a meeting that is not existed, the input title is  heihie
[Info]2018/10/31 13:30:10 cancelmeeting.go:64: cancelmeeting called
[Info]2018/10/31 13:35:26 cancelmeeting.go:64: cancelmeeting called
[Error]2018/10/31 13:35:26 cancelmeeting.go:91: not log in when cancelmeeting
[Info]2018/10/31 07:17:44 login.go:41: Cmd login called
[Error]2018/10/31 07:17:44 login.go:74:  log in failed, username don't exist 
[Info]2018/10/31 07:17:56 login.go:41: Cmd login called
[Info]2018/10/31 07:17:56 login.go:63: hh log in success
[Info]2018/10/31 07:18:19 login.go:41: Cmd login called
[Error]2018/10/31 07:18:19 login.go:50: hh log in failed, already other user logged in
[Info]2018/10/31 07:18:25 logout.go:40: Cmd logout called
[Error]2018/10/31 07:18:25 logout.go:54: hh logout success
[Info]2018/10/31 07:18:26 logout.go:40: Cmd logout called
[Info]2018/10/31 07:27:10 login.go:41: Cmd login called
[Error]2018/10/31 07:27:10 login.go:74: Log in failed, username don't exist 
[Info]2018/10/31 07:27:18 login.go:41: Cmd login called
[Info]2018/10/31 07:27:18 login.go:63: hh log in success
[Info]2018/10/31 07:27:19 login.go:41: Cmd login called
[Error]2018/10/31 07:27:19 login.go:50: hh log in failed, already other user logged in
[Info]2018/10/31 07:27:24 login.go:41: Cmd login called
[Error]2018/10/31 07:27:24 login.go:50: hh1 log in failed, already other user logged in
[Info]2018/10/31 07:27:28 logout.go:40: Cmd logout called
[Error]2018/10/31 07:27:28 logout.go:54: hh logout success
[Info]2018/10/31 07:27:30 logout.go:40: Cmd logout called
[Error]2018/10/31 07:27:30 logout.go:46: User is not logged in
[Info]2018/10/31 23:04:51 deleteuser.go:58: Cmd deleteuser called
[Info]2018/10/31 23:09:06 deleteuser.go:58: Cmd deleteuser called
[Info]2018/10/31 23:10:09 deleteuser.go:58: Cmd deleteuser called
[Info]2018/10/31 23:10:09 deleteuser.go:66: cmd: register called
[Info]2018/10/31 23:10:46 deleteuser.go:66: Registration complete
[Info]2018/10/31 23:12:25 login.go:41: Cmd login called
[Info]2018/10/31 23:12:25 login.go:63: user1 log in success
[Info]2018/10/31 23:12:37 deleteuser.go:58: Cmd deleteuser called
[Info]2018/10/31 23:12:37 deleteuser.go:64: curUser: user1  cmd: queryuser called
[Info]2018/10/31 23:12:37 deleteuser.go:64: curUser: user1  cmd: queryuser success
[Info]2018/10/31 23:12:51 deleteuser.go:58: Cmd deleteuser called
[Info]2018/10/31 23:12:51 deleteuser.go:64: curUser: user1  cmd: deleteuser called
[Info]2018/10/31 23:12:51 deleteuser.go:64: curUser: user1  cmd: deleteuser success
[Info]2018/10/31 23:16:07 deleteuser.go:58: Cmd deleteuser called
[Error]2018/10/31 23:16:07 deleteuser.go:66: isn't login,please use command login
[Info]2018/10/31 23:16:37 login.go:41: Cmd login called
[Info]2018/10/31 23:16:37 login.go:63: hh1 log in success
[Info]2018/10/31 23:16:40 deleteuser.go:58: Cmd deleteuser called
[Info]2018/10/31 23:16:40 deleteuser.go:64: curUser: hh1  cmd: queryuser called
[Info]2018/10/31 23:16:40 deleteuser.go:64: curUser: hh1  cmd: queryuser success
[Info]2018/10/31 23:18:13 deleteuser.go:58: Cmd deleteuser called
[Info]2018/10/31 23:18:13 deleteuser.go:66: cmd: register called
[Warning]2018/10/31 23:18:24 deleteuser.go:66: email is invaild
[Warning]2018/10/31 23:18:24 deleteuser.go:66: Register fail
[Info]2018/10/31 23:18:53 deleteuser.go:58: Cmd deleteuser called
[Info]2018/10/31 23:18:53 deleteuser.go:66: cmd: register called
[Warning]2018/10/31 23:19:21 deleteuser.go:66: email is invaild
[Warning]2018/10/31 23:19:21 deleteuser.go:66: Register fail
[Info]2018/10/31 23:19:53 deleteuser.go:58: Cmd deleteuser called
[Info]2018/10/31 23:19:53 deleteuser.go:66: cmd: register called
[Warning]2018/10/31 23:20:08 deleteuser.go:66: email is invaild
[Warning]2018/10/31 23:20:08 deleteuser.go:66: Register fail
[Info]2018/10/31 23:21:45 deleteuser.go:58: Cmd deleteuser called
[Info]2018/10/31 23:21:45 deleteuser.go:66: cmd: register called
[Info]2018/10/31 23:21:53 deleteuser.go:66: Registration complete
[Info]2018/10/31 23:54:17 deleteuser.go:58: Cmd deleteuser called
[Info]2018/10/31 23:54:17 deleteuser.go:64: curUser: hh1  cmd: queryuser called
[Info]2018/10/31 23:54:17 deleteuser.go:64: curUser: hh1  cmd: queryuser success
